Building or loading index...
Running queries
** John Belushi
National Lampoon's Animal House (1978) : At a 1962 college, Dean Vernon Wormer is determined to expel the entire Delta Tau Chi Fraternity, but those troublemakers have other plans for him. Faber College has one frat house so disreputable it will take anyone. It has a second one full of white, anglo-saxon, rich young men who are so sanctimonious no one can stand them except Dean Wormer. The dean enlists the help of the second frat to get the boys of Delta House off campus. The dean's plan come

1941 (1979) : Hysterical Californians prepare for a Japanese invasion in the days after Pearl Harbor. Hysteria grips California in the wake of the bombing of Pearl Harbor. An assorted group of defenders attempt to make the coast defensible against an imagined Japanese invasion, in this big budget, big cast comedy. Members of a Japanese submarine crew scout out the madness, along with a Captain in Germany's Kreigsmarine (Navy). Keith Loh <loh@sfu.ca> December 1941. The Japanese have bombed Pea

=================================================
** Gong Li
Mulan (2020) : A young Chinese maiden disguises herself as a male warrior in order to save her father. Spoilers The synopsis below may give away important plot points. In Imperial China, Hua Mulan is an adventurous and active girl, to the disappointment of her parents, who hopes that one day she will be wed to a good husband. As a young woman, Mulan is forced to meet with a matchmaker to demonstrate her fitness as a future wife. Mulan, flustered, attempts to pour tea in front of the matchmake

Shanghai (2010) : Shanghai (2010)Summaries A '40s period piece which revolves around an American expat who returns to Shanghai in the months before Pearl Harbor due to the death of his friend. An American man returns to a corrupt, Japanese-occupied Shanghai four months before Pearl Harbor and discovers his friend has been killed. While he unravels the mysteries of the death, he falls in love and discovers a much larger secret. Marisa_Gabriella October, 1941. Paul Soames is a spy with US Naval Intelligence. He is

Miami Vice (2006) : Based on the 1980s TV action/drama, this update focuses on vice detectives Crockett and Tubbs as their respective personal and professional lives become dangerously intertwined. Ricardo Tubbs is urbane and dead smart. He lives with Bronx-born Intel analyst Trudy, as they work undercover transporting drug loads into South Florida to identify a group responsible for three murders. Sonny Crockett [to the untrained eye, his presentation may seem unorthodox, but procedurally, h

To Live (1994) : After Fugui and Jiazhen lose their personal fortunes, they raise a family and survive difficult cultural changes during 1940s to 1970s China. Fugui and Jiazhen endure tumultuous events in China as their personal fortunes move from wealthy landownership to peasantry. Addicted to gambling, Fugui loses everything. In the years that follow he is pressed into both the nationalist and communist armies, while Jiazhen is forced into menial work. They raise a family and survive, manag

=================================================
** John Cusack
Shanghai (2010) : Shanghai (2010)Summaries A '40s period piece which revolves around an American expat who returns to Shanghai in the months before Pearl Harbor due to the death of his friend. An American man returns to a corrupt, Japanese-occupied Shanghai four months before Pearl Harbor and discovers his friend has been killed. While he unravels the mysteries of the death, he falls in love and discovers a much larger secret. Marisa_Gabriella October, 1941. Paul Soames is a spy with US Naval Intelligence. He is

=================================================
** Karen Allen
National Lampoon's Animal House (1978) : At a 1962 college, Dean Vernon Wormer is determined to expel the entire Delta Tau Chi Fraternity, but those troublemakers have other plans for him. Faber College has one frat house so disreputable it will take anyone. It has a second one full of white, anglo-saxon, rich young men who are so sanctimonious no one can stand them except Dean Wormer. The dean enlists the help of the second frat to get the boys of Delta House off campus. The dean's plan come

=================================================
** Chow Yun-Fat
Shanghai (2010) : Shanghai (2010)Summaries A '40s period piece which revolves around an American expat who returns to Shanghai in the months before Pearl Harbor due to the death of his friend. An American man returns to a corrupt, Japanese-occupied Shanghai four months before Pearl Harbor and discovers his friend has been killed. While he unravels the mysteries of the death, he falls in love and discovers a much larger secret. Marisa_Gabriella October, 1941. Paul Soames is a spy with US Naval Intelligence. He is

=================================================
** Tom Hulce
National Lampoon's Animal House (1978) : At a 1962 college, Dean Vernon Wormer is determined to expel the entire Delta Tau Chi Fraternity, but those troublemakers have other plans for him. Faber College has one frat house so disreputable it will take anyone. It has a second one full of white, anglo-saxon, rich young men who are so sanctimonious no one can stand them except Dean Wormer. The dean enlists the help of the second frat to get the boys of Delta House off campus. The dean's plan come

=================================================
** Jet Li
Mulan (2020) : A young Chinese maiden disguises herself as a male warrior in order to save her father. Spoilers The synopsis below may give away important plot points. In Imperial China, Hua Mulan is an adventurous and active girl, to the disappointment of her parents, who hopes that one day she will be wed to a good husband. As a young woman, Mulan is forced to meet with a matchmaker to demonstrate her fitness as a future wife. Mulan, flustered, attempts to pour tea in front of the matchmake

=================================================
** David Morse
Shanghai (2010) : Shanghai (2010)Summaries A '40s period piece which revolves around an American expat who returns to Shanghai in the months before Pearl Harbor due to the death of his friend. An American man returns to a corrupt, Japanese-occupied Shanghai four months before Pearl Harbor and discovers his friend has been killed. While he unravels the mysteries of the death, he falls in love and discovers a much larger secret. Marisa_Gabriella October, 1941. Paul Soames is a spy with US Naval Intelligence. He is

=================================================
** Jamie Foxx
Miami Vice (2006) : Based on the 1980s TV action/drama, this update focuses on vice detectives Crockett and Tubbs as their respective personal and professional lives become dangerously intertwined. Ricardo Tubbs is urbane and dead smart. He lives with Bronx-born Intel analyst Trudy, as they work undercover transporting drug loads into South Florida to identify a group responsible for three murders. Sonny Crockett [to the untrained eye, his presentation may seem unorthodox, but procedurally, h

=================================================
** Colin Farrell
Miami Vice (2006) : Based on the 1980s TV action/drama, this update focuses on vice detectives Crockett and Tubbs as their respective personal and professional lives become dangerously intertwined. Ricardo Tubbs is urbane and dead smart. He lives with Bronx-born Intel analyst Trudy, as they work undercover transporting drug loads into South Florida to identify a group responsible for three murders. Sonny Crockett [to the untrained eye, his presentation may seem unorthodox, but procedurally, h

=================================================
** Stephen Furst
National Lampoon's Animal House (1978) : At a 1962 college, Dean Vernon Wormer is determined to expel the entire Delta Tau Chi Fraternity, but those troublemakers have other plans for him. Faber College has one frat house so disreputable it will take anyone. It has a second one full of white, anglo-saxon, rich young men who are so sanctimonious no one can stand them except Dean Wormer. The dean enlists the help of the second frat to get the boys of Delta House off campus. The dean's plan come

=================================================
** You Ge
To Live (1994) : After Fugui and Jiazhen lose their personal fortunes, they raise a family and survive difficult cultural changes during 1940s to 1970s China. Fugui and Jiazhen endure tumultuous events in China as their personal fortunes move from wealthy landownership to peasantry. Addicted to gambling, Fugui loses everything. In the years that follow he is pressed into both the nationalist and communist armies, while Jiazhen is forced into menial work. They raise a family and survive, manag

=================================================
** Naomie Harris
Miami Vice (2006) : Based on the 1980s TV action/drama, this update focuses on vice detectives Crockett and Tubbs as their respective personal and professional lives become dangerously intertwined. Ricardo Tubbs is urbane and dead smart. He lives with Bronx-born Intel analyst Trudy, as they work undercover transporting drug loads into South Florida to identify a group responsible for three murders. Sonny Crockett [to the untrained eye, his presentation may seem unorthodox, but procedurally, h

=================================================
** Wu Jiang
To Live (1994) : After Fugui and Jiazhen lose their personal fortunes, they raise a family and survive difficult cultural changes during 1940s to 1970s China. Fugui and Jiazhen endure tumultuous events in China as their personal fortunes move from wealthy landownership to peasantry. Addicted to gambling, Fugui loses everything. In the years that follow he is pressed into both the nationalist and communist armies, while Jiazhen is forced into menial work. They raise a family and survive, manag

=================================================
** Donnie Yen
Mulan (2020) : A young Chinese maiden disguises herself as a male warrior in order to save her father. Spoilers The synopsis below may give away important plot points. In Imperial China, Hua Mulan is an adventurous and active girl, to the disappointment of her parents, who hopes that one day she will be wed to a good husband. As a young woman, Mulan is forced to meet with a matchmaker to demonstrate her fitness as a future wife. Mulan, flustered, attempts to pour tea in front of the matchmake

=================================================
** Liu Yifei
Mulan (2020) : A young Chinese maiden disguises herself as a male warrior in order to save her father. Spoilers The synopsis below may give away important plot points. In Imperial China, Hua Mulan is an adventurous and active girl, to the disappointment of her parents, who hopes that one day she will be wed to a good husband. As a young woman, Mulan is forced to meet with a matchmaker to demonstrate her fitness as a future wife. Mulan, flustered, attempts to pour tea in front of the matchmake

=================================================
