Actor Count before Filter: 62
62
19
a
19
19 0
-------------------- Scraping movie url 1/19 --------------------
https://www.imdb.com/title/tt0074802/keywords
-------------------- Scraping movie url 2/19 --------------------
https://www.imdb.com/title/tt0077975/keywords
-------------------- Scraping movie url 3/19 --------------------
https://www.imdb.com/title/tt0078723/keywords
-------------------- Scraping movie url 4/19 --------------------
https://www.imdb.com/title/tt0080455/keywords
-------------------- Scraping movie url 5/19 --------------------
https://www.imdb.com/title/tt0082200/keywords
-------------------- Scraping movie url 6/19 --------------------
https://www.imdb.com/title/tt0082801/keywords
-------------------- Scraping movie url 7/19 --------------------
https://www.imdb.com/title/tt0101640/keywords
-------------------- Scraping movie url 8/19 --------------------
https://www.imdb.com/title/tt0104009/keywords
-------------------- Scraping movie url 9/19 --------------------
https://www.imdb.com/title/tt0105265/keywords
-------------------- Scraping movie url 10/19 --------------------
https://www.imdb.com/title/tt0106332/keywords
-------------------- Scraping movie url 11/19 --------------------
https://www.imdb.com/title/tt0107302/keywords
-------------------- Scraping movie url 12/19 --------------------
https://www.imdb.com/title/tt0110081/keywords
-------------------- Scraping movie url 13/19 --------------------
https://www.imdb.com/title/tt0343663/keywords
-------------------- Scraping movie url 14/19 --------------------
https://www.imdb.com/title/tt0367959/keywords
-------------------- Scraping movie url 15/19 --------------------
https://www.imdb.com/title/tt0430357/keywords
-------------------- Scraping movie url 16/19 --------------------
https://www.imdb.com/title/tt0473444/keywords
-------------------- Scraping movie url 17/19 --------------------
https://www.imdb.com/title/tt1092634/keywords
-------------------- Scraping movie url 18/19 --------------------
https://www.imdb.com/title/tt4566758/keywords
-------------------- Scraping movie url 19/19 --------------------
https://www.imdb.com/title/tt4591310/keywords
62
62
62
19
